16:10:20 **** Clean-only build of configuration Debug for project check_positive_negative_num ****
rm -rf src/check_positive_negative_num.o check_positive_negative_num.exe src/check_positive_negative_num.d 
rm: cannot remove `check_positive_negative_num.exe': Permission denied
16:10:29 **** Rebuild of configuration Debug for project check_positive_negative_num ****
Info: Internal Builder is used for build
gcc -O0 -g3 -Wall -c -fmessage-length=0 -o "src\\check_positive_negative_num.o" "..\\src\\check_positive_negative_num.c" 
gcc -o check_positive_negative_num.exe "src\\check_positive_negative_num.o" 
Info: Nothing to build for check_positive_negative_num
Info: Nothing to build for check_positive_negative_num
16:20:56 **** Rebuild of configuration Debug for project check_char_alphabet ****
Info: Internal Builder is used for build
gcc -O0 -g3 -Wall -c -fmessage-length=0 -o "src\\check_char_alphabet.o" "..\\src\\check_char_alphabet.c" 
gcc -o check_char_alphabet.exe "src\\check_char_alphabet.o" 
Info: Nothing to build for check_char_alphabet
Info: Nothing to build for check_char_alphabet
Info: Nothing to build for check_char_alphabet
Info: Nothing to build for check_char_alphabet
Info: Nothing to build for check_char_alphabet
16:30:17 **** Rebuild of configuration Debug for project SUM_NATURAL_NUM ****
Info: Internal Builder is used for build
gcc -O0 -g3 -Wall -c -fmessage-length=0 -o "src\\SUM_NATURAL_NUM.o" "..\\src\\SUM_NATURAL_NUM.c" 
gcc -o SUM_NATURAL_NUM.exe "src\\SUM_NATURAL_NUM.o" 
Info: Nothing to build for SUM_NATURAL_NUM
16:30:38 **** Incremental Build of configuration Debug for project SUM_NATURAL_NUM ****
Info: Internal Builder is used for build
gcc -O0 -g3 -Wall -c -fmessage-length=0 -o "src\\SUM_NATURAL_NUM.o" "..\\src\\SUM_NATURAL_NUM.c" 
gcc -o SUM_NATURAL_NUM.exe "src\\SUM_NATURAL_NUM.o" 
Info: Nothing to build for SUM_NATURAL_NUM
Info: Nothing to build for SUM_NATURAL_NUM
Info: Nothing to build for SUM_NATURAL_NUM
Info: Nothing to build for SUM_NATURAL_NUM
16:38:20 **** Rebuild of configuration Debug for project factorial ****
Info: Internal Builder is used for build
gcc -O0 -g3 -Wall -c -fmessage-length=0 -o "src\\factorial.o" "..\\src\\factorial.c" 
gcc -o factorial.exe "src\\factorial.o" 
Info: Nothing to build for factorial
Info: Nothing to build for factorial
Info: Nothing to build for factorial
Info: Nothing to build for factorial
16:41:48 **** Incremental Build of configuration Debug for project factorial ****
Info: Internal Builder is used for build
gcc -O0 -g3 -Wall -c -fmessage-length=0 -o "src\\factorial.o" "..\\src\\factorial.c" 
gcc -o factorial.exe "src\\factorial.o" 
Info: Nothing to build for factorial
16:42:47 **** Incremental Build of configuration Debug for project factorial ****
Info: Internal Builder is used for build
gcc -O0 -g3 -Wall -c -fmessage-length=0 -o "src\\factorial.o" "..\\src\\factorial.c" 
gcc -o factorial.exe "src\\factorial.o" 
Info: Nothing to build for factorial
Info: Nothing to build for factorial
Info: Nothing to build for factorial
16:44:48 **** Incremental Build of configuration Debug for project factorial ****
Info: Internal Builder is used for build
gcc -O0 -g3 -Wall -c -fmessage-length=0 -o "src\\factorial.o" "..\\src\\factorial.c" 
gcc -o factorial.exe "src\\factorial.o" 
C:/MinGW/bin/../lib/gcc/x86_64-w64-mingw32/13.2.0/../../../../x86_64-w64-mingw32/bin/ld.exe: cannot open output file factorial.exe: Permission denied
collect2.exe: error: ld returned 1 exit status
16:44:50 **** Incremental Build of configuration Debug for project factorial ****
Info: Internal Builder is used for build
gcc -o factorial.exe "src\\factorial.o" 
C:/MinGW/bin/../lib/gcc/x86_64-w64-mingw32/13.2.0/../../../../x86_64-w64-mingw32/bin/ld.exe: cannot open output file factorial.exe: Permission denied
collect2.exe: error: ld returned 1 exit status
16:45:04 **** Incremental Build of configuration Debug for project factorial ****
Info: Internal Builder is used for build
gcc -O0 -g3 -Wall -c -fmessage-length=0 -o "src\\factorial.o" "..\\src\\factorial.c" 
gcc -o factorial.exe "src\\factorial.o" 
C:/MinGW/bin/../lib/gcc/x86_64-w64-mingw32/13.2.0/../../../../x86_64-w64-mingw32/bin/ld.exe: cannot open output file factorial.exe: Permission denied
collect2.exe: error: ld returned 1 exit status
16:45:09 **** Incremental Build of configuration Debug for project factorial ****
Info: Internal Builder is used for build
gcc -o factorial.exe "src\\factorial.o" 
C:/MinGW/bin/../lib/gcc/x86_64-w64-mingw32/13.2.0/../../../../x86_64-w64-mingw32/bin/ld.exe: cannot open output file factorial.exe: Permission denied
collect2.exe: error: ld returned 1 exit status
16:45:30 **** Incremental Build of configuration Debug for project factorial ****
Info: Internal Builder is used for build
gcc -O0 -g3 -Wall -c -fmessage-length=0 -o "src\\factorial.o" "..\\src\\factorial.c" 
gcc -o factorial.exe "src\\factorial.o" 
C:/MinGW/bin/../lib/gcc/x86_64-w64-mingw32/13.2.0/../../../../x86_64-w64-mingw32/bin/ld.exe: cannot open output file factorial.exe: Permission denied
collect2.exe: error: ld returned 1 exit status
16:45:43 **** Incremental Build of configuration Debug for project factorial ****
Info: Internal Builder is used for build
gcc -o factorial.exe "src\\factorial.o" 
Info: Nothing to build for factorial
Info: Nothing to build for factorial
16:47:54 **** Incremental Build of configuration Debug for project factorial ****
Info: Internal Builder is used for build
gcc -O0 -g3 -Wall -c -fmessage-length=0 -o "src\\factorial.o" "..\\src\\factorial.c" 
..\src\factorial.c: In function 'main':
..\src\factorial.c:34:43: warning: format '%u' expects argument of type 'unsigned int', but argument 2 has type 'long long unsigned int' [-Wformat=]
   34 |                 printf("\r\n Factorial =%1u",factorial);
      |                                         ~~^  ~~~~~~~~~
      |                                           |  |
      |                                           |  long long unsigned int
      |                                           unsigned int
      |                                         %1llu
gcc -o factorial.exe "src\\factorial.o" 
16:48:06 **** Incremental Build of configuration Debug for project factorial ****
Info: Internal Builder is used for build
gcc -O0 -g3 -Wall -c -fmessage-length=0 -o "src\\factorial.o" "..\\src\\factorial.c" 
..\src\factorial.c: In function 'main':
..\src\factorial.c:34:42: warning: format '%u' expects argument of type 'unsigned int', but argument 2 has type 'long long unsigned int' [-Wformat=]
   34 |                 printf("\r\n Factorial =%u",factorial);
      |                                         ~^  ~~~~~~~~~
      |                                          |  |
      |                                          |  long long unsigned int
      |                                          unsigned int
      |                                         %llu
gcc -o factorial.exe "src\\factorial.o" 
16:48:31 **** Incremental Build of configuration Debug for project factorial ****
Info: Internal Builder is used for build
gcc -O0 -g3 -Wall -c -fmessage-length=0 -o "src\\factorial.o" "..\\src\\factorial.c" 
..\src\factorial.c: In function 'main':
..\src\factorial.c:34:43: warning: format '%u' expects argument of type 'unsigned int', but argument 2 has type 'long long unsigned int' [-Wformat=]
   34 |                 printf("\r\n Factorial =%1u",factorial);
      |                                         ~~^  ~~~~~~~~~
      |                                           |  |
      |                                           |  long long unsigned int
      |                                           unsigned int
      |                                         %1llu
gcc -o factorial.exe "src\\factorial.o" 
Info: Nothing to build for factorial
16:48:50 **** Incremental Build of configuration Debug for project factorial ****
Info: Internal Builder is used for build
gcc -O0 -g3 -Wall -c -fmessage-length=0 -o "src\\factorial.o" "..\\src\\factorial.c" 
..\src\factorial.c: In function 'main':
..\src\factorial.c:34:42: warning: format '%u' expects argument of type 'unsigned int', but argument 2 has type 'long long unsigned int' [-Wformat=]
   34 |                 printf("\r\n Factorial =%u",factorial);
      |                                         ~^  ~~~~~~~~~
      |                                          |  |
      |                                          |  long long unsigned int
      |                                          unsigned int
      |                                         %llu
gcc -o factorial.exe "src\\factorial.o" 
16:48:57 **** Incremental Build of configuration Debug for project factorial ****
Info: Internal Builder is used for build
gcc -O0 -g3 -Wall -c -fmessage-length=0 -o "src\\factorial.o" "..\\src\\factorial.c" 
..\src\factorial.c: In function 'main':
..\src\factorial.c:34:42: warning: format '%d' expects argument of type 'int', but argument 2 has type 'long long unsigned int' [-Wformat=]
   34 |                 printf("\r\n Factorial =%d",factorial);
      |                                         ~^  ~~~~~~~~~
      |                                          |  |
      |                                          |  long long unsigned int
      |                                          int
      |                                         %lld
gcc -o factorial.exe "src\\factorial.o" 
16:49:12 **** Incremental Build of configuration Debug for project factorial ****
Info: Internal Builder is used for build
gcc -O0 -g3 -Wall -c -fmessage-length=0 -o "src\\factorial.o" "..\\src\\factorial.c" 
gcc -o factorial.exe "src\\factorial.o" 
Info: Nothing to build for factorial
16:49:56 **** Incremental Build of configuration Debug for project factorial ****
Info: Internal Builder is used for build
gcc -O0 -g3 -Wall -c -fmessage-length=0 -o "src\\factorial.o" "..\\src\\factorial.c" 
gcc -o factorial.exe "src\\factorial.o" 
Info: Nothing to build for factorial
16:51:04 **** Incremental Build of configuration Debug for project factorial ****
Info: Internal Builder is used for build
gcc -O0 -g3 -Wall -c -fmessage-length=0 -o "src\\factorial.o" "..\\src\\factorial.c" 
gcc -o factorial.exe "src\\factorial.o" 
Info: Nothing to build for factorial
16:51:22 **** Incremental Build of configuration Debug for project factorial ****
Info: Internal Builder is used for build
gcc -O0 -g3 -Wall -c -fmessage-length=0 -o "src\\factorial.o" "..\\src\\factorial.c" 
gcc -o factorial.exe "src\\factorial.o" 
Info: Nothing to build for factorial
Info: Nothing to build for factorial
18:15:39 **** Rebuild of configuration Debug for project calculator ****
Info: Internal Builder is used for build
gcc -O0 -g3 -Wall -c -fmessage-length=0 -o "src\\calculator.o" "..\\src\\calculator.c" 
gcc -o calculator.exe "src\\calculator.o" 
Info: Nothing to build for calculator
18:16:39 **** Incremental Build of configuration Debug for project calculator ****
Info: Internal Builder is used for build
gcc -O0 -g3 -Wall -c -fmessage-length=0 -o "src\\calculator.o" "..\\src\\calculator.c" 
gcc -o calculator.exe "src\\calculator.o" 
Info: Nothing to build for calculator
18:17:55 **** Incremental Build of configuration Debug for project calculator ****
Info: Internal Builder is used for build
gcc -O0 -g3 -Wall -c -fmessage-length=0 -o "src\\calculator.o" "..\\src\\calculator.c" 
gcc -o calculator.exe "src\\calculator.o" 
Info: Nothing to build for calculator
18:19:02 **** Incremental Build of configuration Debug for project calculator ****
Info: Internal Builder is used for build
gcc -O0 -g3 -Wall -c -fmessage-length=0 -o "src\\calculator.o" "..\\src\\calculator.c" 
gcc -o calculator.exe "src\\calculator.o" 
Info: Nothing to build for calculator
Info: Nothing to build for calculator
